git add .
git commit -m "add func auth"
git push
minikube addons enable ingress
minikube addons enable metrics-server
kubectl get pod
kubectl get pod -o wide
minikube ssh
minikube ssh
kubectl delete pod nginx
kubectl get pod
kubectl describe pod ngix
kubectl describe pod nginx
kubectl get pod -o wide
minikube ssh
minikube ssh
kubectl create deployment nginx-deployment --image=nginx
kubectl get deployment
kubectl describe deployment
kubectl get all
kubectl expose deployment nginx-deployment --type=NodePort --port=80
kubectl describe service nginx-deployment
minikube ip
kubectl get service
kubectl port-forward --address 0.0.0.0 services/nginx-deployment 5000:80
kubectl port-forward --address 0.0.0.0 services/nginx-deployment 8080:80
kubectl port-forward --address 0.0.0.0 services/nginx-deployment 8080:80
docker-compose up --build -d
docker-compose up --build -d
docker-compose up --build -d
docker-compose up --build -d
docker-compose ps
docker-compose logs -f
docker-compose exec rocket-django python manage.py createsuperuser
docker-compose logs -f
docker-compose logs -f
docker-compose exec rocket-django python manage.py showmigration
docker-compose exec rocket-django python manage.py showmigrations
docker-compose exec rocket-django python manage.py showmigrations
docker-compose exec rocket-django python manage.py migrate
docker-compose up --build -d 
docker-compose logs -f
docker-compose up --build -d 
docker-compose logs -f
docker-compose exec db psql -U rocket_user -d rocket_db
docker-compose exec db psql -U rocket_user -d rocket_db
docker-compose exec db psql -U rocket_user -d rocket_db
docker-compose logs -f
docker images
docker build -t app:alpin .
docker images
docker images
docker rmi 367b7b297c6c 1670096f8707
docker-compose down
docker stop 503c312adb63 && docker rm 503c312adb63 && docker rmi 1670096f8707
docker images
docker images
docker images
minikube status
kubectl version
minikube ip
kubectl create -f nginxpod.yaml
kubectl get service
kubectl get pod -o wide
minikube
minikube ssh
kubectl get all
kubectl delete -f nginxpod.yaml
kubectl get all
git clone https://github.com/app-generator/django-soft-1771923471.git
git clone https://github.com/app-generator/flask-datta-1771904624.git
git clone https://github.com/app-generator/django-material-kit-1771866234.git
docker login
eval $(minikube docker-env)
docker build -t django-app:v1 .
docker build -t django-app:v1 .
kubectl apply -f django1.yaml
kubectl get pods
kubectl get service
docker build -t django-soft:v1 .
kubectl apply -f django2.yaml
kubectl get pods
kubectl get service
kubectl get pod -l app=django
kubectl get pods
kubectl apply -f django2.yaml
kubectl get pods
kubectl exec -it django-soft-deployment-76c6df8dc4-snx2t -- python manage.py migrate
docker tag django-app:v1 rateb99/django-app:v1
docker tag django-app:v1 rateb99/django-soft:v1
docker push rateb99/django-app:v1\
docker push rateb99/django-soft:v1\
kubectl get pobs
kubectl get pods
kubectl get service
kubectl apply -f https://k8s.io/examples/application/deployment.yaml
kubectl describe deployment nginx-deployment
kubectl get pods -l app=nginx
kubectl describe pod nginx-deployment-77bc6bd484-cp2v4
kubectl apply -f https://k8s.io/examples/application/deployment-update.yaml
kubectl get pods -l app=nginx
kubectl get pods -l app=nginx
kubectl get pods -l app=nginx
kubectl describe deployment nginx-deployment
kubectl get pods -l app=nginxkubectl apply -f https://k8s.io/examples/application/deployment-scale.yaml\
kubectl get pods -l app=nginxkubectl apply -f https://k8s.io/examples/application/deployment-scale.yaml\
kubectl get pods -l app=nginxkubectl apply -f https://k8s.io/examples/application/deployment-scale.yaml\
kubectl apply -f https://k8s.io/examples/application/deployment-scale.yaml\
kubectl get pods -l app=nginx
kubectl delete deployment nginx-deployment
kubectl get pods -l app=nginx
kubectl apply -f https://k8s.io/examples/application/guestbook/redis-leader-deployment.yaml
kubectl get pods
kubectl get pods
kubectl get pods
kubectl get pods
kubectl get service
kubectl get pods
kubectl apply -f https://k8s.io/examples/application/guestbook/redis-leader-deployment.yaml
kubectl get pods
kubectl logs -f deployment/redis-leader
kubectl get pods
sed -i 's|docker.io/redis:6.0.5|redis:7.0|g' redis-leader-deployment.yaml
sed -i '' 's|docker.io/redis:6.0.5|redis:7.0|g' redis-leader-deployment.yam
sed -i '' 's|docker.io/redis:6.0.5|redis:7.0|g' redis-leader-deployment.yaml
sed -i '' 's|docker.io/redis:6.0.5|redis:7.0|g' redis-leader-deployment.yaml
curl -L -o redis-leader-deployment.yaml https://raw.githubusercontent.com/kubernetes/website/main/content/en/examples/application/guestbook/redis-leader-deployment.yaml
kubectl delete deployment redis-leader
kubectl apply -f redis-leader-deployment.yaml
kubectl get pods
sed -i '' 's|docker.io/redis:6.0.5|redis:7.0|g' redis-leader-deployment.yaml
kubectl delete deployment redis-leader
kubectl apply -f redis-leader-deployment.yaml
kubectl get pods
kubectl delete deployment redis-leader
kubectl apply -f redis-leader-deployment.yaml
kubectl get pods
kubectl get pods
kubectl get pods
kubectl get pods
kubectl get pods
kubectl logs -f deployment/redis-leader
kubectl apply -f redis-leader-service.yaml
kubectl get pods
kubectl get serive
kubectl get service
kubectl apply -f https://k8s.io/examples/application/guestbook/redis-follower-deployment.yaml
kubectl get pods
kubectl get service
kubectl get pods
kubectl get pods
kubectl logs redis-follower-6958c9f49c-6x987
kubectl logs redis-follower-6958c9f49c-6x987\
kubectl delete deployment redis-follower\
kubectl get pods
kubectl apply -f redis-follower-deployment.yaml
kubectl get pods
kubectl get pods
kubectl apply -f https://k8s.io/examples/application/guestbook/redis-follower-service.yaml
kubectl get pods
kubectl get serive
kubectl get service
kubectl apply -f https://k8s.io/examples/application/guestbook/frontend-deployment.yaml
kubectl get pods -l app=guestbook -l tier=frontend\
kubectl get pods -l app=guestbook -l tier=frontend\
kubectl get pods -l app=guestbook -l tier=frontend\
kubectl get pods -l app=guestbook -l tier=frontend\
kubectl logs frontend-88dcd974c-jbf4g\
eval $(minikube docker-env)
minikube delete
minikube start --listen-address=0.0.0.0 --memory=max --cpus=max --kubernetes-version=v1.35.0\
minikube delete\
minikube start --listen-address=0.0.0.0 --memory=max --cpus=max --kubernetes-version=v1.35.0
kubectl apply -f https://k8s.io/examples/application/guestbook/redis-leader-deployment.yaml\
kubectl get pods\
kubectl logs -f deployment/redis-leader
kubectl get pods\
kubectl get pods\
kubectl logs redis-leader-6465bf85d4-q4zq6\
minikube profile list
minikube delete\
eval $(minikube docker-env)\
minikube start --driver=docker --listen-address=0.0.0.0 --memory=max --cpus=max --kubernetes-version=v1.35.0\
minikube delete\
minikube start --driver=docker --listen-address=0.0.0.0 --memory=max --cpus=max --kubernetes-version=v1.35.0 --docker-opt="platform=linux/amd64"
eval $(colima docker-env)\
eval $(colima docker-env)\
export DOCKER_HOST="unix://${HOME}/.colima/default/docker.sock"\
minikube start --driver=docker --listen-address=0.0.0.0 --memory=max --cpus=max --kubernetes-version=v1.35.0
minikube delete --purge\
minikube start --driver=docker --listen-address=0.0.0.0 --memory=max --cpus=max --kubernetes-version=v1.35.0
export DOCKER_HOST="unix://${HOME}/.colima/default/docker.sock"\
docker pull --platform linux/amd64 gcr.io/k8s-minikube/kicbase:v0.0.49\
docker pull --platform linux/amd64 gcr.io/k8s-minikube/kicbase:v0.0.49
export DOCKER_HOST="unix://${HOME}/.colima/default/docker.sock"\
docker info | grep Architecture\
export DOCKER_HOST="unix://${HOME}/.colima/default/docker.sock"\
docker info | grep Architecture
	docker pull --platform linux/amd64 gcr.io/k8s-minikube/kicbase:v0.0.49
minikube start --driver=docker --listen-address=0.0.0.0 --memory=max --cpus=max --kubernetes-version=v1.35.0
DOCKER_HOST="unix://${HOME}/.colima/default/docker.sock" minikube start --driver=docker --listen-address=0.0.0.0 --memory=max --cpus=max --kubernetes-version=v1.35.0
DOCKER_HOST="unix://${HOME}/.colima/default/docker.sock" minikube start --driver=docker --listen-address=0.0.0.0 --memory=max --cpus=max --kubernetes-version=v1.35.0 --preload=false
minikube delete --purge\
minikube start --listen-address=0.0.0.0 --memory=max --cpus=max --kubernetes-version=v1.35.0
eval $(minikube docker-env)\
git clone https://github.com/kubernetes/examples\
eval $(minikube docker-env)\
docker build -t guestbook-frontend:v1 .\
kubectl apply -f redis-leader-deployment.yaml
kubectl apply -f redis-leader-service.yaml
kubectl apply -f redis-follower-deployment.yaml
kubectl apply -f redis-follower-service.yaml
kubectl apply -f frontend-deployment.yaml\
kubectl apply -f frontend-service.yaml
kubectl get pods
kubectl get pods -l app=guestbook -l tier=frontend\
kubectl get services\
kubectl port-forward svc/frontend 8080:80
kubectl get service frontend\
kubectl scale deployment frontend --replicas=5\
kubectl get pods
kubectl scale deployment frontend --replicas=2\
kubectl get pods\
kubectl delete deployment -l app=redis\
kubectl delete service -l app=redis\
kubectl delete deployment frontend\
kubectl delete service frontend
kubectl get pods\
kubectl get service\
kubectl apply -f nginx-deployment.yaml\
kubectl get deployments\
kubectl get deployments\
kubectl get deployments\
kubectl rollout status deployment/nginx-deployment\
kubectl get rs\
kubectl get pods --show-labels\
kubectl set image deployment/nginx-deployment nginx=nginx:1.16.1\
kubectl rollout status deployment/nginx-deployment\
kubectl get pobs
kubectl get pods
kubectl describe pods
kubectl get rs\
kubectl get pods\
kubectl set image deployment/nginx-deployment nginx=nginx:1.161\
kubectl rollout status deployment/nginx-deployment\
[200~kubectl get pods
kubectl get pods\
kubectl rollout undo deployment/nginx-deployment\
kubectl rollout undo deployment/nginx-deployment\
kubectl get pods\
kubectl get pods\
kubectl rollout undo deployment/nginx-deployment\
kubectl get pods\
kubectl rollout history deployment/nginx-deployment\
kubectl rollout history deployment/nginx-deployment --revision=1\
kubectl rollout undo deployment/nginx-deployment --to-revision=1\
kubectl get pods
cd docker
kubectl get pods
minikube ip
minikube start
kubectl get pods
kubectl get service
kubectl describe deployments.apps
kubectl rollout undo deployment/nginx-deployment --to-revision=1
kubectl rollout history deployment/nginx-deployment
kubectl rollout undo deployment/nginx-deployment --to-revision=5
kubectl get pods
	kubectl describe deployments.apps | grep Image
kubectl rollout undo deployment/nginx-deployment --to-revision=6\
	kubectl describe deployments.apps | grep Image
kubectl scale deployment/nginx-deployment --replicas=10
kubectl get pods
kubectl rollout pause deployment/nginx-deployment
kubectl set image deployment/nginx-deployment nginx=nginx:1.16.1\
kubectl rollout status deployment/nginx-deployment
kubectl get pods
kubectl rollout resume deployment/nginx-deployment\
kubectl rollout status deployment/nginx-deployment\
kubectl get pods
kubectl apply -f nginx-deployment.yaml\
kubectl set image deployment/nginx-deployment nginx=nginx:1.16.1\
kubectl get pods -w\
kubectl set image deployment/nginx-deployment nginx=nginx:1.18.0
kubectl get pods -w\
eval $(minikube docker-env)
docker image
docker images
kubectl delete all --all
docker images
git clone https://github.com/app-generator/ecommerce-flask-stripe.git
git clone https://github.com/app-generator/django-adminlte
git clone https://github.com/app-generator/django-star-admin
eval $(minikube docker-env)
docker build -t flask-stripe:v1 ecommerce-flask-stripe/\
docker build -t django-adminlte:v1 django-adminlte/\
docker build -t django-star:v1 django-star-admin/
docker build -t flask-stripe:v1 ecommerce-flask-stripe/\
docker build -t django-adminlte:v1 django-adminlte/\
docker build -t django-star:v1 django-star-admin/
docker run -p 5001:5005 flask-stripe:v1
docker run -p 5002:5005 django-adminlte:v1
docker run -p 5003:5005 django-star:v1
minikube ip
kubectl apply -f flask-stripe-deployment.yaml\
kubectl apply -f flask-stripe-service.yaml\
kubectl apply -f django-adminlte-deployment.yaml\
kubectl apply -f django-adminlte-service.yaml\
kubectl apply -f django-star-deployment.yaml\
kubectl apply -f django-star-service.yaml
kubectl get pods
kubectl get service
kubectl get service
kubectl get pods
kubectl get nodes -o wide
minikube stop
git clone https://github.com/Ratebah20/fiberBackNew.git
git clone https://github.com/Ratebah20/fiberFrontNew.git
git clone https://github.com/Ratebah20/oldFiber.git
git clone https://github.com/Ratebah20/fleet.git
git status
kubectl get pods
kubectl get service
minikube start
kubectl get pods
kubectl get service
kubectl delete all -all
kubectl delete --help
kubectl delete all --all\
kubectl create namespace prod\
kubectl create namespace preprod\
kubectl create namespace dev\
kubectl get namespaces
kubectl get namespaces prod
kubectl get all -n prod
eval $(minikube docker-env)\
docker images
docker images
kubectl apply -f prod-flask-stripe.yaml\
kubectl apply -f preprod-django-adminlte.yaml\
kubectl apply -f dev-django-star.yaml
kubectl get pods
kubectl get all -n pods
kubectl get all -n dev
kubectl get all -n preprod
minikube ip
kubectl get all -n prod
kubectl get all -n prod
kubectl get pod flask-stripe-deployment -n prod
kubectl get pod flask-stripe-deployment-6949b9df5-h8v5t -n prod
kubectl describe pod flask-stripe-deployment-6949b9df5-h8v5t -n prod
kubectl describe pod NOM_DU_POD -n prod | grep Namespace
kubectl describe pod flask-stripe-deployment-6949b9df5-h8v5t -n prod | grep Namespace
kubectl get all -n prod
kubectl get all -n 
kubectl get all
kubectl get all -n prod
kubectl get all -n prod
kubectl create secret generic mysql-pass --from-literal=password=Azerty123!
kubectl ger secret
kubectl get secrets
kubectl describe secret mysql-pass\
kubectl apply -f mysql-pvc.yaml\
kubectl apply -f wordpress-pvc.yaml\
kubectl get pvc
kubectl apply -f mysql-deployment.yaml\
kubectl get pods
kubectl get pods
kubectl apply -f wordpress-deployment.yaml\
kubectl get pods\
kubectl get services
kubectl get pods
kubectl get service
kubectl get pods\
kubectl logs wordpress-76f7bdb866-jkglj
kubectl set env deployment/wordpress-mysql MYSQL_DATABASE=wordpress\
kubectl get pods -w
kubectl get pods -w
kubectl logs wordpress-76f7bdb866-jkglj
kubectl set env deployment/wordpress WORDPRESS_DB_NAME=wordpress\
kubectl rollout restart deployment/wordpress\
kubectl get pods -w
kubectl get pods -w
kubectl logs wordpress-76f7bdb866-jkglj
kubectl logs wordpress-7769c6d469-vxrnj
kubectl logs wordpress-mysql-b45cb7fff-n52m6
kubectl set env deployment/wordpress-mysql MYSQL_ROOT_PASSWORD_HASH= \
kubectl patch deployment wordpress-mysql --patch='\
kubectl rollout restart deployment/wordpress-mysql\
kubectl get pods -w
kubectl get pods -w
kubectl
kubectl get pods
kubectl logs wordpress-mysql-746cbdfb7-m8wjm
kubectl logs wordpress-7769c6d469-vxrnj
kubectl exec -it wordpress-7769c6d469-vxrnj -- bash -c "cat /var/www/html/wp-config.php | grep DB"
kubectl set env deployment/wordpress WORDPRESS_DB_USER=root\
kubectl rollout restart deployment/wordpress\
kubectl get pods -w
kubectl exec -it wordpress-7769c6d469-vxrnj -- bash -c "cat /var/www/html/wp-config.php | grep DB"
kubectl exec -it wordpress-f5f64c57b-dmql9 -- bash -c "cat /var/www/html/wp-config.php | grep DB"
kubectl exec -it wordpress-f5f64c57b-dmql9 -- env | grep WORDPRESS
kubectl exec -it wordpress-f5f64c57b-dmql9 -- bash -c "mysql -h wordpress-mysql -u root -pAzerty123\
kubectl exec -it wordpress-f5f64c57b-dmql9 -- bash -c 'mysql -h wordpress-mysql -u root -pAzerty123\!'\
kubectl exec -it wordpress-f5f64c57b-dmql9 -- bash -c 'mysql -h wordpress-mysql -u root -pAzerty123!'
kubectl exec -it wordpress-f5f64c57b-dmql9 -- bash -c "cat /var/log/apache2/error.log"
kubectl exec -it wordpress-f5f64c57b-dmql9 -- bash -c "cat /var/log/apache2/error.log"
kubectl exec -it wordpress-f5f64c57b-dmql9 -- bash -c "cat /var/log/apache2/error.log"
kubectl logs wordpress-f5f64c57b-dmql9
kubectl exec -it wordpress-f5f64c57b-dmql9 -- bash -c "curl -s http://localhost/wp-admin/install.php 2>&1 | head -50"
kubectl exec -it wordpress-f5f64c57b-dmql9 -- bash -c "curl -s http://localhost/wp-admin/install.php 2>&1 | grep -A5 'error-page'"
kubectl exec -it wordpress-mysql-746cbdfb7-m8wjm -- bash -c 'mysql -u root -pAzerty123! -e "CREATE DATABASE IF NOT EXISTS wordpress;"'
kubectl port-forward --address 0.0.0.0 services/wordpress 8080:80\
minikube service wordpress --url\
kubectl delete all -all
kubectl delete all --all\
kubectl get pods
kubectl get pod
kubectl get service
kubectl create namespace prod
kubectl get namespaces
kubectl delete namespaces prod
kubectl delete namespaces preprod
kubectl delete namespaces dev
kubectl get namespaces
kubectl get namespaces
kubectl create namespace prod
kubectl apply -f flask-stripe-configmap.yaml
kubectl create secret generic stripe-secret \\
kubectl get configmap -n prod\
kubectl get secret -n prod
kubectl apply -f prod-flask-stripe.yaml\
kubectl get pods -n prod
kubectl get pods
kubectl get pod
kubectl get pods
kubectl get pods -n pods
kubectl get pods -n prod
kubectl exec -it flask-stripe-deployment-689d549bc8-crq79 -n prod -- env | grep -E "STRIPE|DEBUG|ASSETS|SERVER"
kubectl get pods -n prod
kubectl get service -n prod
kubectl logs flask-stripe-deployment-689d549bc8-crq79
kubectl logs flask-stripe-deployment-689d549bc8-crq79 -n prod
kubectl edit configmap flask-stripe-config -n prod
kubectl edit configmap flask-stripe-config -n prod
kubectl -f flask-stripe-configmap.yaml
kubectl apply -f flask-stripe-configmap.yaml
kubectl edit configmap flask-stripe-config -n prod
kubectl get pods -n prod\
kubectl get pods -n prod\
kubectl get configmap flask-stripe-config -n prod -o yaml > flask-stripe-configmap.yaml
kubectl get configmap flask-stripe-config -n prod -o yaml > flask-stripe-configmap.yaml
kubectl apply -f flask-stripe-configmap.yaml\
kubectl rollout restart deployment/flask-stripe-deployment -n prod\
kubectl get pods -n prod -w
kubectl get pods -n prod
kubectl logs flask-stripe-deployment-5cb4fbb887-4lgbt -n prod
kubectl exec -it flask-stripe-deployment-5cb4fbb887-4lgbt -n prod -- curl -s http://localhost:5005/create-checkout-session/featured/
kubectl exec -it flask-stripe-deployment-5cb4fbb887-4lgbt -n prod -- wget -qO- http://localhost:5005/create-checkout-session/featured/
kubectl exec -it flask-stripe-deployment-5cb4fbb887-4lgbt -n prod -- python3 -c "import urllib.request; print(urllib.request.urlopen('http://localhost:5005/create-checkout-session/featured/').read())"
	kubectl exec -it flask-stripe-deployment-5cb4fbb887-4lgbt -n prod -- python3 -c "\
kubectl exec -it flask-stripe-deployment-5cb4fbb887-4lgbt -n prod -- python3 -c "\
kubectl logs flask-stripe-deployment-5cb4fbb887-4lgbt -n prod
kubectl exec -it flask-stripe-deployment-5cb4fbb887-4lgbt -n prod -- python3 -c "\
kubectl exec -it flask-stripe-deployment-5cb4fbb887-4lgbt -n prod -- python3 -c "\
kubectl delete all --all
kubectl update
minikube update
minikube update-check
cd docker
cd docker
cat > docker-compose.yaml << 'EOF'\
kubectl apply -f dev-django-star-ra-05-03-2026.yaml
kubectl apply -f preprod-django-adminlte-ra-05-03-2026.yaml
kubectl apply -f prod-rocket-ecommerce-ra-05-03-2026.yaml
kubectl get pods -n prod
kubectl get pods -n preprod
kubectl get pods -n dev
git add .
git commit -m "ajoute manifest, configmap, secret et namespace"
git push origin main
git reset --hard HEAD~1
git add .
git commit -m "ajoute manifest, configmap, secret et namespace"
git push origin main
